24/11/2023 12:26:26 PM INFO  *********** Verifing loginPageURL *********** 
24/11/2023 12:26:27 PM INFO  *********** loginPageURL TestCase Passed *********** 
24/11/2023 12:26:30 PM INFO  *********** Verifing loginPageTitle *********** 
24/11/2023 12:26:31 PM INFO  *********** loginPageTitle TestCase Passed *********** 
24/11/2023 12:29:28 PM INFO  *********** Verifing loginPageURL *********** 
24/11/2023 12:29:30 PM INFO  *********** loginPageURL TestCase Passed *********** 
24/11/2023 12:29:37 PM INFO  *********** Verifing loginPageTitle *********** 
24/11/2023 12:29:39 PM INFO  *********** loginPageTitle TestCase Passed *********** 
24/11/2023 12:40:25 PM INFO  *********** Verifing loginPageURL *********** 
24/11/2023 12:40:27 PM INFO  *********** loginPageURL TestCase Passed *********** 
24/11/2023 12:40:34 PM INFO  *********** Verifing loginPageTitle *********** 
24/11/2023 12:40:36 PM INFO  *********** loginPageTitle TestCase Passed *********** 
24/11/2023 01:36:27 PM INFO  *********** Verifing loginPageURL *********** 
24/11/2023 01:36:29 PM INFO  *********** loginPageURL TestCase Passed *********** 
24/11/2023 01:36:36 PM INFO  *********** Verifing loginPageTitle *********** 
24/11/2023 01:36:38 PM INFO  *********** loginPageTitle TestCase Passed *********** 
24/11/2023 01:36:45 PM INFO  *********** Verifing login using valid credentials *********** 
24/11/2023 01:41:20 PM INFO  *********** Verifing loginPageURL *********** 
24/11/2023 01:41:22 PM INFO  *********** loginPageURL TestCase Passed *********** 
24/11/2023 01:41:30 PM INFO  *********** Verifing loginPageTitle *********** 
24/11/2023 01:41:31 PM INFO  *********** loginPageTitle TestCase Passed *********** 
24/11/2023 01:41:38 PM INFO  *********** Verifing login using valid credentials *********** 
24/11/2023 01:48:23 PM INFO  *********** Verifing loginPageURL *********** 
24/11/2023 01:48:25 PM INFO  *********** loginPageURL TestCase Passed *********** 
24/11/2023 01:48:32 PM INFO  *********** Verifing loginPageTitle *********** 
24/11/2023 01:48:33 PM INFO  *********** loginPageTitle TestCase Passed *********** 
24/11/2023 01:48:40 PM INFO  *********** Verifing login using valid credentials *********** 
24/11/2023 01:50:02 PM INFO  *********** Verifing loginPageURL *********** 
24/11/2023 01:50:04 PM INFO  *********** loginPageURL TestCase Passed *********** 
24/11/2023 01:50:11 PM INFO  *********** Verifing loginPageTitle *********** 
24/11/2023 01:50:13 PM INFO  *********** loginPageTitle TestCase Passed *********** 
24/11/2023 01:50:20 PM INFO  *********** Verifing login using valid credentials *********** 
24/11/2023 01:53:28 PM INFO  *********** Verifing loginPageURL *********** 
24/11/2023 01:53:30 PM INFO  *********** loginPageURL TestCase Passed *********** 
24/11/2023 01:53:37 PM INFO  *********** Verifing loginPageTitle *********** 
24/11/2023 01:53:39 PM INFO  *********** loginPageTitle TestCase Passed *********** 
24/11/2023 01:53:46 PM INFO  *********** Verifing login using valid credentials *********** 
24/11/2023 01:54:20 PM INFO  *********** Verifing loginPageURL *********** 
24/11/2023 01:54:22 PM INFO  *********** loginPageURL TestCase Passed *********** 
24/11/2023 01:54:29 PM INFO  *********** Verifing loginPageTitle *********** 
24/11/2023 01:54:31 PM INFO  *********** loginPageTitle TestCase Passed *********** 
24/11/2023 01:54:38 PM INFO  *********** Verifing login using valid credentials *********** 
24/11/2023 01:55:16 PM INFO  *********** Verifing loginPageURL *********** 
24/11/2023 01:55:18 PM INFO  *********** loginPageURL TestCase Passed *********** 
24/11/2023 01:55:25 PM INFO  *********** Verifing loginPageTitle *********** 
24/11/2023 01:55:27 PM INFO  *********** loginPageTitle TestCase Passed *********** 
24/11/2023 01:55:34 PM INFO  *********** Verifing login using valid credentials *********** 
24/11/2023 01:57:20 PM INFO  *********** Verifing login using valid credentials *********** 
24/11/2023 01:58:19 PM INFO  *********** Verifing login using valid credentials *********** 
24/11/2023 01:59:49 PM INFO  *********** Verifing login using valid credentials *********** 
24/11/2023 02:01:01 PM INFO  *********** Verifing login using valid credentials *********** 
24/11/2023 02:03:40 PM INFO  *********** Verifing login using valid credentials *********** 
24/11/2023 02:04:29 PM INFO  *********** Verifing login using valid credentials *********** 
24/11/2023 02:10:45 PM INFO  *********** Verifing login using valid credentials *********** 
24/11/2023 02:14:03 PM INFO  *********** Verifing login using valid credentials *********** 
24/11/2023 02:18:52 PM INFO  *********** Verifing login using valid credentials *********** 
24/11/2023 02:21:03 PM INFO  *********** Verifing login using valid credentials *********** 
24/11/2023 02:21:52 PM INFO  *********** Verifing login using valid credentials *********** 
24/11/2023 02:24:32 PM INFO  *********** Verifing login using valid credentials *********** 
24/11/2023 02:27:21 PM INFO  *********** Verifing login using valid credentials *********** 
24/11/2023 02:28:39 PM INFO  *********** Verifing login using valid credentials *********** 
24/11/2023 02:31:54 PM INFO  *********** Verifing login using valid credentials *********** 
24/11/2023 02:57:29 PM INFO  *********** Verifing login using valid credentials *********** 
24/11/2023 03:07:16 PM INFO  *********** Verifing login using valid credentials *********** 
24/11/2023 03:11:38 PM INFO  *********** Verifing login using valid credentials *********** 
24/11/2023 03:11:41 PM ERROR  *********** login using valid credentials TestCase Failed *********** 
24/11/2023 03:12:55 PM INFO  *********** Verifing login using valid credentials *********** 
24/11/2023 03:13:02 PM ERROR  *********** login using valid credentials TestCase Failed *********** 
24/11/2023 03:13:20 PM INFO  *********** Verifing login using valid credentials *********** 
24/11/2023 03:13:28 PM INFO  *********** login using valid credentials TestCase Passed *********** 
24/11/2023 03:13:48 PM INFO  *********** Verifing login using valid credentials *********** 
24/11/2023 03:13:55 PM INFO  *********** login using valid credentials TestCase Passed *********** 
24/11/2023 03:14:10 PM INFO  *********** Verifing login using valid credentials *********** 
24/11/2023 03:14:18 PM INFO  *********** login using valid credentials TestCase Passed *********** 
24/11/2023 03:21:57 PM INFO  *********** Verifing login using invalid credentials *********** 
24/11/2023 03:25:59 PM INFO  *********** Verifing login using invalid credentials *********** 
24/11/2023 03:27:16 PM INFO  *********** Verifing login using invalid credentials *********** 
24/11/2023 03:27:59 PM INFO  *********** Verifing login using invalid credentials *********** 
24/11/2023 03:28:57 PM INFO  *********** Verifing login using invalid credentials *********** 
24/11/2023 03:33:02 PM INFO  *********** Verifing login using invalid credentials *********** 
24/11/2023 03:33:09 PM INFO  *********** login using invalid credentials TestCase Passed *********** 
24/11/2023 03:33:41 PM INFO  *********** Verifing login using invalid credentials *********** 
24/11/2023 03:33:48 PM ERROR  *********** login using invalid credentials TestCase Failed *********** 
24/11/2023 03:34:09 PM INFO  *********** Verifing login using invalid credentials *********** 
24/11/2023 03:34:13 PM INFO  *********** login using invalid credentials TestCase Passed *********** 
24/11/2023 03:38:15 PM INFO  *********** Verifing login using valid credentials *********** 
24/11/2023 03:38:22 PM INFO  *********** login using valid credentials TestCase Passed *********** 
24/11/2023 04:12:20 PM INFO  *********** Verifing Recover password link *********** 
24/11/2023 04:12:25 PM INFO  *********** Recover password link TestCase Passed *********** 
24/11/2023 04:13:13 PM INFO  *********** Verifing loginPageURL *********** 
24/11/2023 04:13:15 PM INFO  *********** loginPageURL TestCase Passed *********** 
24/11/2023 04:13:22 PM INFO  *********** Verifing loginPageTitle *********** 
24/11/2023 04:13:24 PM INFO  *********** loginPageTitle TestCase Passed *********** 
24/11/2023 04:13:31 PM INFO  *********** Verifing login using valid credentials *********** 
24/11/2023 04:13:39 PM INFO  *********** login using valid credentials TestCase Passed *********** 
24/11/2023 04:13:46 PM INFO  *********** Verifing login using invalid credentials *********** 
24/11/2023 04:13:57 PM INFO  *********** Verifing Recover password link *********** 
24/11/2023 04:14:00 PM INFO  *********** Recover password link TestCase Passed *********** 
24/11/2023 04:16:47 PM INFO  *********** Verifing login using invalid credentials *********** 
24/11/2023 04:18:33 PM INFO  *********** Verifing login using invalid credentials *********** 
24/11/2023 04:18:38 PM INFO  *********** login using invalid credentials TestCase Passed *********** 
24/11/2023 04:22:00 PM INFO  *********** Verifing login using valid credentials *********** 
24/11/2023 04:22:01 PM INFO  *********** Verifing Recover password link *********** 
24/11/2023 04:22:01 PM INFO  *********** Verifing loginPageTitle *********** 
24/11/2023 04:22:01 PM INFO  *********** Verifing login using invalid credentials *********** 
24/11/2023 04:22:01 PM INFO  *********** Verifing loginPageURL *********** 
24/11/2023 04:22:02 PM INFO  *********** loginPageURL TestCase Passed *********** 
24/11/2023 04:22:03 PM INFO  *********** loginPageTitle TestCase Passed *********** 
24/11/2023 04:23:04 PM INFO  *********** Verifing loginPageURL *********** 
24/11/2023 04:23:05 PM INFO  *********** loginPageURL TestCase Passed *********** 
24/11/2023 04:23:08 PM INFO  *********** Verifing loginPageTitle *********** 
24/11/2023 04:23:09 PM INFO  *********** loginPageTitle TestCase Passed *********** 
24/11/2023 04:23:12 PM INFO  *********** Verifing login using valid credentials *********** 
24/11/2023 04:23:19 PM INFO  *********** login using valid credentials TestCase Passed *********** 
24/11/2023 04:23:23 PM INFO  *********** Verifing login using invalid credentials *********** 
24/11/2023 04:23:25 PM INFO  *********** login using invalid credentials TestCase Passed *********** 
24/11/2023 04:23:29 PM INFO  *********** Verifing Recover password link *********** 
24/11/2023 04:23:31 PM INFO  *********** Recover password link TestCase Passed *********** 
24/11/2023 04:59:08 PM INFO  *********** Verifing Logout button *********** 
24/11/2023 05:00:33 PM INFO  *********** Verifing Logout button *********** 
24/11/2023 05:02:10 PM INFO  *********** Verifing Logout button *********** 
24/11/2023 05:03:18 PM INFO  *********** Verifing Logout button *********** 
24/11/2023 05:07:32 PM INFO  *********** Verifing Logout button *********** 
24/11/2023 05:09:55 PM INFO  *********** Verifing Logout button *********** 
24/11/2023 05:11:37 PM INFO  *********** Verifing Logout button *********** 
24/11/2023 05:15:01 PM INFO  *********** Verifing Logout button *********** 
24/11/2023 05:15:14 PM ERROR  *********** logout TestCase Failed *********** 
24/11/2023 05:19:22 PM INFO  *********** Verifing Logout button *********** 
24/11/2023 05:19:35 PM ERROR  *********** logout TestCase Failed *********** 
24/11/2023 05:20:09 PM INFO  *********** Verifing Logout button *********** 
24/11/2023 05:20:22 PM ERROR  *********** logout TestCase Failed *********** 
24/11/2023 05:22:06 PM INFO  *********** Verifing Logout button *********** 
24/11/2023 05:22:14 PM ERROR  *********** logout TestCase Failed *********** 
24/11/2023 05:22:43 PM INFO  *********** Verifing Logout button *********** 
24/11/2023 05:22:54 PM ERROR  *********** logout TestCase Failed *********** 
24/11/2023 05:23:29 PM INFO  *********** Verifing Logout button *********** 
24/11/2023 05:23:40 PM INFO  *********** Logout TestCase Passed *********** 
25/11/2023 09:22:39 AM WARNING Exception managing firefox: request or response body error: error reading a body from connection: connection reset
25/11/2023 09:23:38 AM WARNING The chromedriver version (117.0.5938.149) detected in PATH at C:\Program Files\Python310\Scripts\chromedriver.exe might not be compatible with the detected chrome version (118.0.5993.89); currently, chromedriver 118.0.5993.70 is recommended for chrome 118.*, so it is advised to delete the driver in PATH and retry
25/11/2023 09:23:40 AM INFO  *********** Verifing Logout button *********** 
25/11/2023 09:23:53 AM INFO  *********** Logout TestCase Passed *********** 
25/11/2023 09:24:40 AM WARNING The chromedriver version (117.0.5938.149) detected in PATH at C:\Program Files\Python310\Scripts\chromedriver.exe might not be compatible with the detected chrome version (118.0.5993.89); currently, chromedriver 118.0.5993.70 is recommended for chrome 118.*, so it is advised to delete the driver in PATH and retry
25/11/2023 09:24:42 AM INFO  *********** Verifing Logout button *********** 
25/11/2023 10:14:49 AM WARNING The chromedriver version (117.0.5938.149) detected in PATH at C:\Program Files\Python310\Scripts\chromedriver.exe might not be compatible with the detected chrome version (118.0.5993.89); currently, chromedriver 118.0.5993.70 is recommended for chrome 118.*, so it is advised to delete the driver in PATH and retry
25/11/2023 10:14:50 AM INFO  *********** Verifing Logout button *********** 
25/11/2023 10:15:01 AM INFO  *********** Logout TestCase Passed *********** 
25/11/2023 10:15:03 AM WARNING The chromedriver version (117.0.5938.149) detected in PATH at C:\Program Files\Python310\Scripts\chromedriver.exe might not be compatible with the detected chrome version (118.0.5993.89); currently, chromedriver 118.0.5993.70 is recommended for chrome 118.*, so it is advised to delete the driver in PATH and retry
25/11/2023 10:15:04 AM INFO  *********** Verifing loginPageURL *********** 
25/11/2023 10:15:06 AM INFO  *********** loginPageURL TestCase Passed *********** 
25/11/2023 10:15:09 AM WARNING The chromedriver version (117.0.5938.149) detected in PATH at C:\Program Files\Python310\Scripts\chromedriver.exe might not be compatible with the detected chrome version (118.0.5993.89); currently, chromedriver 118.0.5993.70 is recommended for chrome 118.*, so it is advised to delete the driver in PATH and retry
25/11/2023 10:15:10 AM INFO  *********** Verifing loginPageTitle *********** 
25/11/2023 10:15:12 AM INFO  *********** loginPageTitle TestCase Passed *********** 
25/11/2023 10:15:14 AM WARNING The chromedriver version (117.0.5938.149) detected in PATH at C:\Program Files\Python310\Scripts\chromedriver.exe might not be compatible with the detected chrome version (118.0.5993.89); currently, chromedriver 118.0.5993.70 is recommended for chrome 118.*, so it is advised to delete the driver in PATH and retry
25/11/2023 10:15:15 AM INFO  *********** Verifing login using valid credentials *********** 
25/11/2023 10:15:22 AM INFO  *********** login using valid credentials TestCase Passed *********** 
25/11/2023 10:15:24 AM WARNING The chromedriver version (117.0.5938.149) detected in PATH at C:\Program Files\Python310\Scripts\chromedriver.exe might not be compatible with the detected chrome version (118.0.5993.89); currently, chromedriver 118.0.5993.70 is recommended for chrome 118.*, so it is advised to delete the driver in PATH and retry
25/11/2023 10:15:25 AM INFO  *********** Verifing login using invalid credentials *********** 
25/11/2023 10:15:29 AM INFO  *********** login using invalid credentials TestCase Passed *********** 
25/11/2023 10:15:32 AM WARNING The chromedriver version (117.0.5938.149) detected in PATH at C:\Program Files\Python310\Scripts\chromedriver.exe might not be compatible with the detected chrome version (118.0.5993.89); currently, chromedriver 118.0.5993.70 is recommended for chrome 118.*, so it is advised to delete the driver in PATH and retry
25/11/2023 10:15:33 AM INFO  *********** Verifing Recover password link *********** 
25/11/2023 10:15:36 AM INFO  *********** Recover password link TestCase Passed *********** 
25/11/2023 10:59:02 AM WARNING The geckodriver version (0.31.0) detected in PATH at C:\Program Files\Python310\Scripts\geckodriver.exe might not be compatible with the detected firefox version (120.0); currently, geckodriver 0.33.0 is recommended for firefox 120.*, so it is advised to delete the driver in PATH and retry
25/11/2023 10:59:09 AM INFO  *********** Verifing Logout button *********** 
25/11/2023 10:59:22 AM INFO  *********** Logout TestCase Passed *********** 
25/11/2023 10:59:24 AM WARNING The geckodriver version (0.31.0) detected in PATH at C:\Program Files\Python310\Scripts\geckodriver.exe might not be compatible with the detected firefox version (120.0); currently, geckodriver 0.33.0 is recommended for firefox 120.*, so it is advised to delete the driver in PATH and retry
25/11/2023 10:59:30 AM INFO  *********** Verifing loginPageURL *********** 
25/11/2023 10:59:34 AM INFO  *********** loginPageURL TestCase Passed *********** 
25/11/2023 10:59:36 AM WARNING The geckodriver version (0.31.0) detected in PATH at C:\Program Files\Python310\Scripts\geckodriver.exe might not be compatible with the detected firefox version (120.0); currently, geckodriver 0.33.0 is recommended for firefox 120.*, so it is advised to delete the driver in PATH and retry
25/11/2023 10:59:42 AM INFO  *********** Verifing loginPageTitle *********** 
25/11/2023 10:59:44 AM INFO  *********** loginPageTitle TestCase Passed *********** 
25/11/2023 10:59:47 AM WARNING The geckodriver version (0.31.0) detected in PATH at C:\Program Files\Python310\Scripts\geckodriver.exe might not be compatible with the detected firefox version (120.0); currently, geckodriver 0.33.0 is recommended for firefox 120.*, so it is advised to delete the driver in PATH and retry
25/11/2023 10:59:52 AM INFO  *********** Verifing login using valid credentials *********** 
25/11/2023 11:00:00 AM INFO  *********** login using valid credentials TestCase Passed *********** 
25/11/2023 11:00:03 AM WARNING The geckodriver version (0.31.0) detected in PATH at C:\Program Files\Python310\Scripts\geckodriver.exe might not be compatible with the detected firefox version (120.0); currently, geckodriver 0.33.0 is recommended for firefox 120.*, so it is advised to delete the driver in PATH and retry
25/11/2023 11:00:08 AM INFO  *********** Verifing login using invalid credentials *********** 
25/11/2023 11:00:14 AM INFO  *********** login using invalid credentials TestCase Passed *********** 
25/11/2023 11:00:16 AM WARNING The geckodriver version (0.31.0) detected in PATH at C:\Program Files\Python310\Scripts\geckodriver.exe might not be compatible with the detected firefox version (120.0); currently, geckodriver 0.33.0 is recommended for firefox 120.*, so it is advised to delete the driver in PATH and retry
25/11/2023 11:00:21 AM INFO  *********** Verifing Recover password link *********** 
25/11/2023 11:00:27 AM INFO  *********** Recover password link TestCase Passed *********** 
